<?xml version="1.0" encoding="UTF-8"?>
<!-- Generated by org.testng.reporters.JUnitXMLReporter -->
<testsuite hostname="USER-PC" ignored="0" name="Test" tests="19" failures="3" timestamp="18 Jun 2019 18:59:53 GMT" time="20.534" errors="0">
  <testcase name="test1" time="0.008" classname="com.test.ExceptionTimeOutTest"/>
  <testcase name="loginTest" time="0.003" classname="com.test.TestNgFeatures">
    <failure type="java.lang.ArithmeticException" message="/ by zero">
      <![CDATA[java.lang.ArithmeticException: / by zero
at com.test.TestNgFeatures.loginTest(TestNgFeatures.java:11)
... Removed 25 stack frames]]>
    </failure>
  </testcase> <!-- loginTest -->
  <testcase name="homePageTest" time="0.0" classname="com.test.TestNgFeatures">
    <skipped/>
  </testcase> <!-- homePageTest -->
  <testcase name="googleLogoTest" time="0.002" classname="com.test.TestNgBasics"/>
  <testcase name="googleTitleTest" time="0.003" classname="com.test.TestNgBasics"/>
  <testcase name="searchTest" time="0.003" classname="com.test.TestNgBasics"/>
  <testcase name="sum" time="0.002" classname="com.test.InvocationCountTest"/>
  <testcase name="sum" time="0.003" classname="com.test.InvocationCountTest"/>
  <testcase name="sum" time="0.002" classname="com.test.InvocationCountTest"/>
  <testcase name="sum" time="0.002" classname="com.test.InvocationCountTest"/>
  <testcase name="sum" time="0.002" classname="com.test.InvocationCountTest"/>
  <testcase name="sum" time="0.0" classname="com.test.InvocationCountTest"/>
  <testcase name="sum" time="0.003" classname="com.test.InvocationCountTest"/>
  <testcase name="sum" time="0.0" classname="com.test.InvocationCountTest"/>
  <testcase name="sum" time="0.002" classname="com.test.InvocationCountTest"/>
  <testcase name="sum" time="0.002" classname="com.test.InvocationCountTest"/>
  <testcase name="mailLinkTest" time="0.105" classname="com.test.GoogleTest"/>
  <testcase name="googleTitleTest" time="0.027" classname="com.test.GoogleTest">
    <failure type="java.lang.AssertionError" message="title does not match expected [Google123] but found [Google]">
      <![CDATA[java.lang.AssertionError: title does not match expected [Google123] but found [Google]
at com.test.GoogleTest.googleTitleTest(GoogleTest.java:60)
... Removed 30 stack frames]]>
    </failure>
  </testcase> <!-- googleTitleTest -->
  <testcase name="googleLogoTest" time="0.047" classname="com.test.GoogleTest">
    <failure type="java.lang.AssertionError" message="expected [false] but found [true]">
      <![CDATA[java.lang.AssertionError: expected [false] but found [true]
at com.test.GoogleTest.googleLogoTest(GoogleTest.java:67)
... Removed 31 stack frames]]>
    </failure>
  </testcase> <!-- googleLogoTest -->
</testsuite> <!-- Test -->
